[debug] ----------------------------------------------------------------------
[debug] Command:      /usr/bin/nodejs /home/mathew/.npm-packages/bin/firebase deploy --debug
[debug] CLI Version:  3.0.2
[debug] Platform:     linux
[debug] Node Version: v4.4.5
[debug] Time:         Fri Jun 17 2016 17:06:17 GMT+1200 (NZST)
[debug] ----------------------------------------------------------------------
[debug] 
[debug] > command requires scopes: ["email","openid","https://www.googleapis.com/auth/cloudplatformprojects.readonly","https://www.googleapis.com/auth/firebase"]
[debug] > refreshing access token with scopes: ["email","https://www.googleapis.com/auth/cloudplatformprojects.readonly","https://www.googleapis.com/auth/firebase","openid"]
[debug] >>> HTTP REQUEST POST https://www.googleapis.com/oauth2/v3/token
[debug] <<< HTTP RESPONSE 200
[debug] >>> HTTP REQUEST GET https://admin.firebase.com/v1/projects/rebrickable-tool 
[debug] <<< HTTP RESPONSE 200
[debug] >>> HTTP REQUEST GET https://admin.firebase.com/v1/database/rebrickable-tool/tokens 
[debug] <<< HTTP RESPONSE 200
[info] 
[info] === Deploying to 'rebrickable-tool'...
[info] 
[info] i  deploying hosting
[info] i  hosting: preparing build/bundled directory for upload...
[debug] >>> HTTP REQUEST PUT https://deploy.firebase.com/v1/hosting/rebrickable-tool/uploads/-KKRkAkTyrZniKu3Hw7D?fileCount=2386&message= 
[debug] ----------------------------------------------------------------------
[debug] Command:      /usr/bin/nodejs /home/mathew/.npm-packages/bin/firebase deploy --debug
[debug] CLI Version:  3.0.2
[debug] Platform:     linux
[debug] Node Version: v4.4.5
[debug] Time:         Fri Jun 17 2016 17:13:03 GMT+1200 (NZST)
[debug] ----------------------------------------------------------------------
[debug] 
[debug] > command requires scopes: ["email","openid","https://www.googleapis.com/auth/cloudplatformprojects.readonly","https://www.googleapis.com/auth/firebase"]
[debug] >>> HTTP REQUEST GET https://admin.firebase.com/v1/projects/rebrickable-tool 
[debug] ----------------------------------------------------------------------
[debug] Command:      /usr/bin/nodejs /home/mathew/.npm-packages/bin/firebase deploy --debug
[debug] CLI Version:  3.0.2
[debug] Platform:     linux
[debug] Node Version: v4.4.5
[debug] Time:         Fri Jun 17 2016 17:15:02 GMT+1200 (NZST)
[debug] ----------------------------------------------------------------------
[debug] 
[debug] > command requires scopes: ["email","openid","https://www.googleapis.com/auth/cloudplatformprojects.readonly","https://www.googleapis.com/auth/firebase"]
[debug] >>> HTTP REQUEST GET https://admin.firebase.com/v1/projects/rebrickable-tool 
[debug] <<< HTTP RESPONSE 200
[debug] >>> HTTP REQUEST GET https://admin.firebase.com/v1/database/rebrickable-tool/tokens 
[debug] <<< HTTP RESPONSE 200
[info] 
[info] === Deploying to 'rebrickable-tool'...
[info] 
[info] i  deploying hosting
[info] i  hosting: preparing build/bundled directory for upload...
[debug] >>> HTTP REQUEST PUT https://deploy.firebase.com/v1/hosting/rebrickable-tool/uploads/-KKRmAyAoEBnox9xcYOB?fileCount=102&message= 
[debug] <<< HTTP RESPONSE 200
[info] ✔  hosting: 102 files uploaded successfully
[info] i  starting release process (may take several minutes)...
[debug] >>> HTTP REQUEST POST https://deploy.firebase.com/v1/projects/rebrickable-tool/releases
[debug] <<< HTTP RESPONSE 200
[info] 
[info] ✔  Deploy complete!
[info] 
[info] Hosting Site: https://rebrickable-tool.firebaseapp.com
[info] Dashboard: https://console.firebase.google.com/project/rebrickable-tool/overview
[info] 
[info] Visit the URL above or run firebase open
